<?xml version="1.0" encoding="UTF-8"?>
<!-- Generated by org.testng.reporters.JUnitXMLReporter -->
<testsuite ignored="0" hostname="DESKTOP-P7PBAID" failures="2" tests="2" name="Test" time="27.969" errors="0" timestamp="2023-07-03T20:31:57 IST">
  <testcase classname="RunnerScript.TestRunner" name="test1" time="3.138">
    <failure type="java.lang.AssertionError" message="null">
      <![CDATA[java.lang.AssertionError: null
at RunnerScript.TestRunner.test1(TestRunner.java:21)
at java.base/java.util.ArrayList.forEach(ArrayList.java:1511)
... Removed 29 stack frames]]>
    </failure>
  </testcase> <!-- test1 -->
  <testcase classname="RunnerScript.TestRunner" name="test1" time="3.325">
    <failure type="java.lang.AssertionError" message="null">
      <![CDATA[java.lang.AssertionError: null
at RunnerScript.TestRunner.test1(TestRunner.java:21)
at java.base/java.util.ArrayList.forEach(ArrayList.java:1511)
... Removed 29 stack frames]]>
    </failure>
  </testcase> <!-- test1 -->
</testsuite> <!-- Test -->
